<?xml version="1.0" encoding="UTF-8"?>
<testsuite xmlns:xsi="http://www.w3.org/2001/XMLSchema-instance" xsi:noNamespaceSchemaLocation="https://maven.apache.org/surefire/maven-surefire-plugin/xsd/surefire-test-report.xsd" name="com.up.stores.StoresApplicationTests" time="3.823" tests="2" errors="0" skipped="0" failures="0">
  <properties>
[...]
</properties>
  <testcase name="getConnection" classname="com.up.stores.StoresApplicationTests" time="0.398"/>
  <testcase name="contextLoads" classname="com.up.stores.StoresApplicationTests" time="0"/>
</testsuite>